<?xml version="1.0" encoding="UTF-8"?>
<!-- Generated by org.testng.reporters.JUnitReportReporter -->
<testsuite skipped="0" hostname="DarkskinPC" name="org.testNG.E" tests="3" failures="0" timestamp="18 Nov 2022 13:11:08 GMT" time="67.175" errors="0">
  <testcase name="Tc97" time="42.311" classname="org.testNG.E"/>
  <testcase name="Tc77" time="10.588" classname="org.testNG.E"/>
  <testcase name="Tc87" time="14.276" classname="org.testNG.E"/>
</testsuite> <!-- org.testNG.E -->
