<?xml version="1.0" encoding="UTF-8"?>
<!-- Generated by org.testng.reporters.JUnitReportReporter -->
<testsuite skipped="0" hostname="DarkskinPC" name="org.testNG.SampleTestP4" tests="7" failures="0" timestamp="18 Nov 2022 08:21:42 GMT" time="0.028" errors="0">
  <testcase name="Tc4" time="0.016" classname="org.testNG.SampleTestP4"/>
  <testcase name="Tc6" time="0.001" classname="org.testNG.SampleTestP4"/>
  <testcase name="Tc1" time="0.002" classname="org.testNG.SampleTestP4"/>
  <testcase name="Tc2" time="0.002" classname="org.testNG.SampleTestP4"/>
  <testcase name="Tc5" time="0.003" classname="org.testNG.SampleTestP4"/>
  <testcase name="Tc7" time="0.002" classname="org.testNG.SampleTestP4"/>
  <testcase name="Tc3" time="0.002" classname="org.testNG.SampleTestP4"/>
</testsuite> <!-- org.testNG.SampleTestP4 -->
