<?xml version="1.0" encoding="UTF-8"?>
<!-- Generated by org.testng.reporters.JUnitReportReporter -->
<testsuite skipped="0" hostname="DarkskinPC" name="org.testNG.A" tests="9" failures="0" timestamp="18 Nov 2022 10:40:41 GMT" time="92.106" errors="0">
  <testcase name="Tc25" time="10.652" classname="org.testNG.A"/>
  <testcase name="Tc15" time="19.300" classname="org.testNG.A"/>
  <testcase name="Tc35" time="1.160" classname="org.testNG.A"/>
  <testcase name="Tc15" time="13.365" classname="org.testNG.A"/>
  <testcase name="Tc35" time="1.317" classname="org.testNG.A"/>
  <testcase name="Tc35" time="1.058" classname="org.testNG.A"/>
  <testcase name="Tc15" time="28.183" classname="org.testNG.A"/>
  <testcase name="Tc35" time="3.329" classname="org.testNG.A"/>
  <testcase name="Tc15" time="13.742" classname="org.testNG.A"/>
</testsuite> <!-- org.testNG.A -->
