<?xml version="1.0" encoding="UTF-8"?>
<!-- Generated by org.testng.reporters.JUnitReportReporter -->
<testsuite skipped="0" hostname="DarkskinPC" name="org.testNG.B" tests="6" failures="0" timestamp="18 Nov 2022 10:23:18 GMT" time="0.034" errors="0">
  <testcase name="Tc33" time="0.001" classname="org.testNG.B"/>
  <testcase name="Tc33" time="0.004" classname="org.testNG.B"/>
  <testcase name="Tc33" time="0.001" classname="org.testNG.B"/>
  <testcase name="Tc33" time="0.002" classname="org.testNG.B"/>
  <testcase name="Tc11" time="0.023" classname="org.testNG.B"/>
  <testcase name="Tc22" time="0.003" classname="org.testNG.B"/>
</testsuite> <!-- org.testNG.B -->
