<?xml version="1.0" encoding="UTF-8"?>
<!-- Generated by org.testng.reporters.JUnitReportReporter -->
<testsuite skipped="1" hostname="DarkskinPC" name="org.testNG.TestNgnewProject" tests="5" failures="0" timestamp="18 Nov 2022 06:41:31 GMT" time="8.445" errors="0">
  <testcase name="tc1" time="2.980" classname="org.testNG.TestNgnewProject"/>
  <testcase name="tc1" time="1.022" classname="org.testNG.TestNgnewProject"/>
  <testcase name="tc4" time="3.324" classname="org.testNG.TestNgnewProject"/>
  <testcase name="tc1" time="1.119" classname="org.testNG.TestNgnewProject"/>
  <testcase name="tc9" classname="org.testNG.TestNgnewProject">
    <skipped/>
  </testcase> <!-- tc9 -->
</testsuite> <!-- org.testNG.TestNgnewProject -->
