<?xml version="1.0" encoding="UTF-8"?>
<!-- Generated by org.testng.reporters.JUnitReportReporter -->
<testsuite skipped="0" hostname="DarkskinPC" name="org.testNG.ChallengeP4testNG" tests="7" failures="0" timestamp="18 Nov 2022 07:55:29 GMT" time="174.128" errors="0">
  <testcase name="Tc4" time="53.219" classname="org.testNG.ChallengeP4testNG"/>
  <testcase name="Tc1" time="5.544" classname="org.testNG.ChallengeP4testNG"/>
  <testcase name="Tc6" time="5.235" classname="org.testNG.ChallengeP4testNG"/>
  <testcase name="Tc2" time="13.107" classname="org.testNG.ChallengeP4testNG"/>
  <testcase name="Tc5" time="18.638" classname="org.testNG.ChallengeP4testNG"/>
  <testcase name="Tc7" time="30.929" classname="org.testNG.ChallengeP4testNG"/>
  <testcase name="Tc3" time="47.456" classname="org.testNG.ChallengeP4testNG"/>
</testsuite> <!-- org.testNG.ChallengeP4testNG -->
