<?xml version="1.0" encoding="UTF-8"?>
<!-- Generated by org.testng.reporters.JUnitReportReporter -->
<testsuite skipped="0" hostname="DarkskinPC" name="org.testNG.D" tests="3" failures="0" timestamp="18 Nov 2022 13:11:08 GMT" time="111.810" errors="0">
  <testcase name="Tc17" time="72.110" classname="org.testNG.D"/>
  <testcase name="Tc13" time="23.817" classname="org.testNG.D"/>
  <testcase name="Tc12" time="15.883" classname="org.testNG.D"/>
</testsuite> <!-- org.testNG.D -->
