<?xml version="1.0" encoding="UTF-8"?>
<!-- Generated by org.testng.reporters.JUnitReportReporter -->
<testsuite skipped="0" hostname="DarkskinPC" name="org.testNG.C" tests="3" failures="0" timestamp="18 Nov 2022 13:11:08 GMT" time="62.845" errors="0">
  <testcase name="Tc99" time="36.732" classname="org.testNG.C"/>
  <testcase name="Tc66" time="15.247" classname="org.testNG.C"/>
  <testcase name="Tc44" time="10.866" classname="org.testNG.C"/>
</testsuite> <!-- org.testNG.C -->
